<?xml version="1.0" encoding="UTF-8"?>
<!-- Generated by org.testng.reporters.JUnitReportReporter -->
<testsuite skipped="1" hostname="DESKTOP-QCK44TB" name="com.testng.Par" tests="4" failures="0" timestamp="2022-12-19T14:05:37 IST" time="7.046" errors="0">
  <testcase name="login" time="0.880" classname="com.testng.Par"/>
  <testcase name="login" time="1.120" classname="com.testng.Par"/>
  <testcase name="login" time="5.046" classname="com.testng.Par"/>
  <testcase name="user" classname="com.testng.Par">
    <skipped/>
  </testcase> <!-- user -->
</testsuite> <!-- com.testng.Par -->
