<?xml version="1.0" encoding="UTF-8"?>
<!-- Generated by org.testng.reporters.JUnitReportReporter -->
<testsuite skipped="0" hostname="DESKTOP-QCK44TB" name="com.testng.Amazon_Buy" tests="1" failures="0" timestamp="2022-12-16T14:08:42 IST" time="0.023" errors="0">
  <testcase name="click_On_Iphone" time="0.023" classname="com.testng.Amazon_Buy"/>
</testsuite> <!-- com.testng.Amazon_Buy -->
