<?xml version="1.0" encoding="UTF-8"?>
<!-- Generated by org.testng.reporters.JUnitReportReporter -->
<testsuite skipped="1" hostname="DESKTOP-QCK44TB" name="com.testng.Adactin" tests="4" failures="0" timestamp="2022-12-16T15:28:35 IST" time="6.737" errors="0">
  <testcase name="url" time="4.655" classname="com.testng.Adactin"/>
  <testcase name="login" time="2.008" classname="com.testng.Adactin"/>
  <testcase name="verify_S" time="0.074" classname="com.testng.Adactin"/>
  <testcase name="validate_S" classname="com.testng.Adactin">
    <skipped/>
  </testcase> <!-- validate_S -->
</testsuite> <!-- com.testng.Adactin -->
